Performing C SOURCE FILE Test CMAKE_HAVE_LIBC_PTHREAD failed with the following output:
Change Dir: /home/jetson/dso/catkin_ws/build/catkin_tools_prebuild/CMakeFiles/CMakeTmp

Run Build Command(s):/usr/bin/make -f Makefile cmTC_7c676/fast && /usr/bin/make  -f CMakeFiles/cmTC_7c676.dir/build.make CMakeFiles/cmTC_7c676.dir/build
make[1]: Entering directory '/home/jetson/dso/catkin_ws/build/catkin_tools_prebuild/CMakeFiles/CMakeTmp'
Building C object CMakeFiles/cmTC_7c676.dir/src.c.o
/usr/bin/cc -DCMAKE_HAVE_LIBC_PTHREAD   -o CMakeFiles/cmTC_7c676.dir/src.c.o -c /home/jetson/dso/catkin_ws/build/catkin_tools_prebuild/CMakeFiles/CMakeTmp/src.c
Linking C executable cmTC_7c676
/opt/cmake-3.20.5-linux-x86_64/bin/cmake -E cmake_link_script CMakeFiles/cmTC_7c676.dir/link.txt --verbose=1
/usr/bin/cc -Wl,--copy-dt-needed-entries  -rdynamic CMakeFiles/cmTC_7c676.dir/src.c.o -o cmTC_7c676 
CMakeFiles/cmTC_7c676.dir/src.c.o: In function `main':
src.c:(.text+0x3e): undefined reference to `pthread_create'
src.c:(.text+0x4a): undefined reference to `pthread_detach'
src.c:(.text+0x56): undefined reference to `pthread_cancel'
src.c:(.text+0x67): undefined reference to `pthread_join'
src.c:(.text+0x7b): undefined reference to `pthread_atfork'
collect2: error: ld returned 1 exit status
CMakeFiles/cmTC_7c676.dir/build.make:98: recipe for target 'cmTC_7c676' failed
make[1]: *** [cmTC_7c676] Error 1
make[1]: Leaving directory '/home/jetson/dso/catkin_ws/build/catkin_tools_prebuild/CMakeFiles/CMakeTmp'
Makefile:127: recipe for target 'cmTC_7c676/fast' failed
make: *** [cmTC_7c676/fast] Error 2


Source file was:
#include <pthread.h>

static void* test_func(void* data)
{
  return data;
}

int main(void)
{
  pthread_t thread;
  pthread_create(&thread, NULL, test_func, NULL);
  pthread_detach(thread);
  pthread_cancel(thread);
  pthread_join(thread, NULL);
  pthread_atfork(NULL, NULL, NULL);
  pthread_exit(NULL);

  return 0;
}

Determining if the function pthread_create exists in the pthreads failed with the following output:
Change Dir: /home/jetson/dso/catkin_ws/build/catkin_tools_prebuild/CMakeFiles/CMakeTmp

Run Build Command(s):/usr/bin/make -f Makefile cmTC_f9694/fast && /usr/bin/make  -f CMakeFiles/cmTC_f9694.dir/build.make CMakeFiles/cmTC_f9694.dir/build
make[1]: Entering directory '/home/jetson/dso/catkin_ws/build/catkin_tools_prebuild/CMakeFiles/CMakeTmp'
Building C object CMakeFiles/cmTC_f9694.dir/CheckFunctionExists.c.o
/usr/bin/cc   -DCHECK_FUNCTION_EXISTS=pthread_create -o CMakeFiles/cmTC_f9694.dir/CheckFunctionExists.c.o -c /opt/cmake-3.20.5-linux-x86_64/share/cmake-3.20/Modules/CheckFunctionExists.c
Linking C executable cmTC_f9694
/opt/cmake-3.20.5-linux-x86_64/bin/cmake -E cmake_link_script CMakeFiles/cmTC_f9694.dir/link.txt --verbose=1
/usr/bin/cc  -DCHECK_FUNCTION_EXISTS=pthread_create -Wl,--copy-dt-needed-entries  -rdynamic CMakeFiles/cmTC_f9694.dir/CheckFunctionExists.c.o -o cmTC_f9694  -lpthreads 
/usr/bin/ld: cannot find -lpthreads
collect2: error: ld returned 1 exit status
CMakeFiles/cmTC_f9694.dir/build.make:98: recipe for target 'cmTC_f9694' failed
make[1]: *** [cmTC_f9694] Error 1
make[1]: Leaving directory '/home/jetson/dso/catkin_ws/build/catkin_tools_prebuild/CMakeFiles/CMakeTmp'
Makefile:127: recipe for target 'cmTC_f9694/fast' failed
make: *** [cmTC_f9694/fast] Error 2



