Performing C SOURCE FILE Test CMAKE_HAVE_LIBC_PTHREAD failed with the following output:
Change Dir: /home/jetson/dso/catkin_ws/build/dso/CMakeFiles/CMakeTmp

Run Build Command(s):/usr/bin/make -f Makefile cmTC_20a7e/fast && /usr/bin/make  -f CMakeFiles/cmTC_20a7e.dir/build.make CMakeFiles/cmTC_20a7e.dir/build
make[1]: Entering directory '/home/jetson/dso/catkin_ws/build/dso/CMakeFiles/CMakeTmp'
Building C object CMakeFiles/cmTC_20a7e.dir/src.c.o
/usr/bin/cc -DCMAKE_HAVE_LIBC_PTHREAD   -o CMakeFiles/cmTC_20a7e.dir/src.c.o -c /home/jetson/dso/catkin_ws/build/dso/CMakeFiles/CMakeTmp/src.c
Linking C executable cmTC_20a7e
/opt/cmake-3.20.5-linux-x86_64/bin/cmake -E cmake_link_script CMakeFiles/cmTC_20a7e.dir/link.txt --verbose=1
/usr/bin/cc -Wl,--copy-dt-needed-entries  -rdynamic CMakeFiles/cmTC_20a7e.dir/src.c.o -o cmTC_20a7e 
CMakeFiles/cmTC_20a7e.dir/src.c.o: In function `main':
src.c:(.text+0x3e): undefined reference to `pthread_create'
src.c:(.text+0x4a): undefined reference to `pthread_detach'
src.c:(.text+0x56): undefined reference to `pthread_cancel'
src.c:(.text+0x67): undefined reference to `pthread_join'
src.c:(.text+0x7b): undefined reference to `pthread_atfork'
collect2: error: ld returned 1 exit status
CMakeFiles/cmTC_20a7e.dir/build.make:98: recipe for target 'cmTC_20a7e' failed
make[1]: *** [cmTC_20a7e] Error 1
make[1]: Leaving directory '/home/jetson/dso/catkin_ws/build/dso/CMakeFiles/CMakeTmp'
Makefile:127: recipe for target 'cmTC_20a7e/fast' failed
make: *** [cmTC_20a7e/fast] Error 2


Source file was:
#include <pthread.h>

static void* test_func(void* data)
{
  return data;
}

int main(void)
{
  pthread_t thread;
  pthread_create(&thread, NULL, test_func, NULL);
  pthread_detach(thread);
  pthread_cancel(thread);
  pthread_join(thread, NULL);
  pthread_atfork(NULL, NULL, NULL);
  pthread_exit(NULL);

  return 0;
}

Determining if the function pthread_create exists in the pthreads failed with the following output:
Change Dir: /home/jetson/dso/catkin_ws/build/dso/CMakeFiles/CMakeTmp

Run Build Command(s):/usr/bin/make -f Makefile cmTC_92b8c/fast && /usr/bin/make  -f CMakeFiles/cmTC_92b8c.dir/build.make CMakeFiles/cmTC_92b8c.dir/build
make[1]: Entering directory '/home/jetson/dso/catkin_ws/build/dso/CMakeFiles/CMakeTmp'
Building C object CMakeFiles/cmTC_92b8c.dir/CheckFunctionExists.c.o
/usr/bin/cc   -DCHECK_FUNCTION_EXISTS=pthread_create -o CMakeFiles/cmTC_92b8c.dir/CheckFunctionExists.c.o -c /opt/cmake-3.20.5-linux-x86_64/share/cmake-3.20/Modules/CheckFunctionExists.c
Linking C executable cmTC_92b8c
/opt/cmake-3.20.5-linux-x86_64/bin/cmake -E cmake_link_script CMakeFiles/cmTC_92b8c.dir/link.txt --verbose=1
/usr/bin/cc  -DCHECK_FUNCTION_EXISTS=pthread_create -Wl,--copy-dt-needed-entries  -rdynamic CMakeFiles/cmTC_92b8c.dir/CheckFunctionExists.c.o -o cmTC_92b8c  -lpthreads 
/usr/bin/ld: cannot find -lpthreads
collect2: error: ld returned 1 exit status
CMakeFiles/cmTC_92b8c.dir/build.make:98: recipe for target 'cmTC_92b8c' failed
make[1]: *** [cmTC_92b8c] Error 1
make[1]: Leaving directory '/home/jetson/dso/catkin_ws/build/dso/CMakeFiles/CMakeTmp'
Makefile:127: recipe for target 'cmTC_92b8c/fast' failed
make: *** [cmTC_92b8c/fast] Error 2



