[  4%] [32mBuilding CXX object CMakeFiles/dso.dir/src/FullSystem/FullSystem.cpp.o[0m
[ 12%] [32mBuilding CXX object CMakeFiles/dso.dir/src/FullSystem/FullSystemDebugStuff.cpp.o[0m
[ 12%] [32mBuilding CXX object CMakeFiles/dso.dir/src/FullSystem/FullSystemOptimize.cpp.o[0m
[ 16%] [32mBuilding CXX object CMakeFiles/dso.dir/src/FullSystem/FullSystemOptPoint.cpp.o[0m
[ 20%] [32mBuilding CXX object CMakeFiles/dso.dir/src/FullSystem/FullSystemMarginalize.cpp.o[0m
[ 24%] [32mBuilding CXX object CMakeFiles/dso.dir/src/FullSystem/Residuals.cpp.o[0m
[ 28%] [32mBuilding CXX object CMakeFiles/dso.dir/src/FullSystem/CoarseTracker.cpp.o[0m
[ 36%] [32mBuilding CXX object CMakeFiles/dso.dir/src/FullSystem/CoarseInitializer.cpp.o[0m
[ 36%] [32mBuilding CXX object CMakeFiles/dso.dir/src/FullSystem/ImmaturePoint.cpp.o[0m
[ 40%] [32mBuilding CXX object CMakeFiles/dso.dir/src/FullSystem/HessianBlocks.cpp.o[0m
[ 44%] [32mBuilding CXX object CMakeFiles/dso.dir/src/FullSystem/PixelSelector2.cpp.o[0m
[ 48%] [32mBuilding CXX object CMakeFiles/dso.dir/src/OptimizationBackend/EnergyFunctional.cpp.o[0m
[ 52%] [32mBuilding CXX object CMakeFiles/dso.dir/src/OptimizationBackend/AccumulatedTopHessian.cpp.o[0m
[ 56%] [32mBuilding CXX object CMakeFiles/dso.dir/src/OptimizationBackend/AccumulatedSCHessian.cpp.o[0m
[ 60%] [32mBuilding CXX object CMakeFiles/dso.dir/src/OptimizationBackend/EnergyFunctionalStructs.cpp.o[0m
[ 64%] [32mBuilding CXX object CMakeFiles/dso.dir/src/util/settings.cpp.o[0m
[ 68%] [32mBuilding CXX object CMakeFiles/dso.dir/src/util/Undistort.cpp.o[0m
[ 72%] [32mBuilding CXX object CMakeFiles/dso.dir/src/util/globalCalib.cpp.o[0m
[ 76%] [32mBuilding CXX object CMakeFiles/dso.dir/src/IOWrapper/OpenCV/ImageDisplay_OpenCV.cpp.o[0m
[ 80%] [32mBuilding CXX object CMakeFiles/dso.dir/src/IOWrapper/OpenCV/ImageRW_OpenCV.cpp.o[0m
[ 84%] [32mBuilding CXX object CMakeFiles/dso.dir/src/IOWrapper/Pangolin/KeyFrameDisplay.cpp.o[0m
[ 88%] [32mBuilding CXX object CMakeFiles/dso.dir/src/IOWrapper/Pangolin/PangolinDSOViewer.cpp.o[0m
[ 92%] [32m[1mLinking CXX shared library lib/libdso.so[0m
[ 92%] Built target dso
[ 96%] [32mBuilding CXX object CMakeFiles/dso_dataset.dir/src/main_dso_pangolin.cpp.o[0m
[100%] [32m[1mLinking CXX executable bin/dso_dataset[0m
[100%] Built target dso_dataset
