Performing C SOURCE FILE Test CMAKE_HAVE_LIBC_PTHREAD failed with the following output:
Change Dir: /home/jetson/dso/catkin_ws/build/dso_ros/CMakeFiles/CMakeTmp

Run Build Command(s):/usr/bin/make -f Makefile cmTC_5629b/fast && /usr/bin/make  -f CMakeFiles/cmTC_5629b.dir/build.make CMakeFiles/cmTC_5629b.dir/build
make[1]: Entering directory '/home/jetson/dso/catkin_ws/build/dso_ros/CMakeFiles/CMakeTmp'
Building C object CMakeFiles/cmTC_5629b.dir/src.c.o
/usr/bin/cc -DCMAKE_HAVE_LIBC_PTHREAD   -o CMakeFiles/cmTC_5629b.dir/src.c.o -c /home/jetson/dso/catkin_ws/build/dso_ros/CMakeFiles/CMakeTmp/src.c
Linking C executable cmTC_5629b
/opt/cmake-3.20.5-linux-x86_64/bin/cmake -E cmake_link_script CMakeFiles/cmTC_5629b.dir/link.txt --verbose=1
/usr/bin/cc -Wl,--copy-dt-needed-entries  -rdynamic CMakeFiles/cmTC_5629b.dir/src.c.o -o cmTC_5629b 
CMakeFiles/cmTC_5629b.dir/src.c.o: In function `main':
src.c:(.text+0x3e): undefined reference to `pthread_create'
src.c:(.text+0x4a): undefined reference to `pthread_detach'
src.c:(.text+0x56): undefined reference to `pthread_cancel'
src.c:(.text+0x67): undefined reference to `pthread_join'
src.c:(.text+0x7b): undefined reference to `pthread_atfork'
collect2: error: ld returned 1 exit status
CMakeFiles/cmTC_5629b.dir/build.make:98: recipe for target 'cmTC_5629b' failed
make[1]: *** [cmTC_5629b] Error 1
make[1]: Leaving directory '/home/jetson/dso/catkin_ws/build/dso_ros/CMakeFiles/CMakeTmp'
Makefile:127: recipe for target 'cmTC_5629b/fast' failed
make: *** [cmTC_5629b/fast] Error 2


Source file was:
#include <pthread.h>

static void* test_func(void* data)
{
  return data;
}

int main(void)
{
  pthread_t thread;
  pthread_create(&thread, NULL, test_func, NULL);
  pthread_detach(thread);
  pthread_cancel(thread);
  pthread_join(thread, NULL);
  pthread_atfork(NULL, NULL, NULL);
  pthread_exit(NULL);

  return 0;
}

Determining if the function pthread_create exists in the pthreads failed with the following output:
Change Dir: /home/jetson/dso/catkin_ws/build/dso_ros/CMakeFiles/CMakeTmp

Run Build Command(s):/usr/bin/make -f Makefile cmTC_fb26b/fast && /usr/bin/make  -f CMakeFiles/cmTC_fb26b.dir/build.make CMakeFiles/cmTC_fb26b.dir/build
make[1]: Entering directory '/home/jetson/dso/catkin_ws/build/dso_ros/CMakeFiles/CMakeTmp'
Building C object CMakeFiles/cmTC_fb26b.dir/CheckFunctionExists.c.o
/usr/bin/cc   -DCHECK_FUNCTION_EXISTS=pthread_create -o CMakeFiles/cmTC_fb26b.dir/CheckFunctionExists.c.o -c /opt/cmake-3.20.5-linux-x86_64/share/cmake-3.20/Modules/CheckFunctionExists.c
Linking C executable cmTC_fb26b
/opt/cmake-3.20.5-linux-x86_64/bin/cmake -E cmake_link_script CMakeFiles/cmTC_fb26b.dir/link.txt --verbose=1
/usr/bin/cc  -DCHECK_FUNCTION_EXISTS=pthread_create -Wl,--copy-dt-needed-entries  -rdynamic CMakeFiles/cmTC_fb26b.dir/CheckFunctionExists.c.o -o cmTC_fb26b  -lpthreads 
/usr/bin/ld: cannot find -lpthreads
collect2: error: ld returned 1 exit status
CMakeFiles/cmTC_fb26b.dir/build.make:98: recipe for target 'cmTC_fb26b' failed
make[1]: *** [cmTC_fb26b] Error 1
make[1]: Leaving directory '/home/jetson/dso/catkin_ws/build/dso_ros/CMakeFiles/CMakeTmp'
Makefile:127: recipe for target 'cmTC_fb26b/fast' failed
make: *** [cmTC_fb26b/fast] Error 2



